0 info it worked if it ends with ok
1 verbose cli [ 'F:\\Program Files\\nodejs\\node.exe',
1 verbose cli   'F:\\Program Files\\nodejs\\node_modules\\npm\\bin\\npm-cli.js',
1 verbose cli   'run',
1 verbose cli   'gh-pages' ]
2 info using npm@3.10.10
3 info using node@v6.9.4
4 verbose run-script [ 'pregh-pages', 'gh-pages', 'postgh-pages' ]
5 info lifecycle dva-boot-admin@1.0.0~pregh-pages: dva-boot-admin@1.0.0
6 silly lifecycle dva-boot-admin@1.0.0~pregh-pages: no script for pregh-pages, continuing
7 info lifecycle dva-boot-admin@1.0.0~gh-pages: dva-boot-admin@1.0.0
8 verbose lifecycle dva-boot-admin@1.0.0~gh-pages: unsafe-perm in lifecycle true
9 verbose lifecycle dva-boot-admin@1.0.0~gh-pages: PATH: F:\Program Files\nodejs\node_modules\npm\bin\node-gyp-bin;D:\work\github\dva-boot-admin\node_modules\.bin;C:\Users\66822\bin;F:\Program Files\Git\mingw64\bin;F:\Program Files\Git\usr\local\bin;F:\Program Files\Git\usr\bin;F:\Program Files\Git\usr\bin;F:\Program Files\Git\mingw64\bin;F:\Program Files\Git\usr\bin;C:\Users\66822\bin;C:\ProgramData\Oracle\Java\javapath;C:\WINDOWS\system32;C:\WINDOWS;C:\WINDOWS\System32\Wbem;C:\WINDOWS\System32\WindowsPowerShell\v1.0;F:\Program Files\nodejs;F:\Program Files\Git\cmd;C:\Program Files\Java\jdk1.7.0_13\bin;D:\work\maven\apache-maven-3.5.0\bin;F:\Program Files\TortoiseSVN\bin;D:\work\oracle\instantclient_11_2;C:\Users\66822\AppData\Local\Microsoft\WindowsApps;C:\Users\66822\AppData\Roaming\npm;C:\Program Files (x86)\Microsoft VS Code\bin;F:\Program Files\Git\usr\bin\vendor_perl;F:\Program Files\Git\usr\bin\core_perl
10 verbose lifecycle dva-boot-admin@1.0.0~gh-pages: CWD: D:\work\github\dva-boot-admin
11 silly lifecycle dva-boot-admin@1.0.0~gh-pages: Args: [ '/d /s /c', 'gh-pages -d build' ]
12 silly lifecycle dva-boot-admin@1.0.0~gh-pages: Returned: code: 1  signal: null
13 info lifecycle dva-boot-admin@1.0.0~gh-pages: Failed to exec gh-pages script
14 verbose stack Error: dva-boot-admin@1.0.0 gh-pages: `gh-pages -d build`
14 verbose stack Exit status 1
14 verbose stack     at EventEmitter.<anonymous> (F:\Program Files\nodejs\node_modules\npm\lib\utils\lifecycle.js:255:16)
14 verbose stack     at emitTwo (events.js:106:13)
14 verbose stack     at EventEmitter.emit (events.js:191:7)
14 verbose stack     at ChildProcess.<anonymous> (F:\Program Files\nodejs\node_modules\npm\lib\utils\spawn.js:40:14)
14 verbose stack     at emitTwo (events.js:106:13)
14 verbose stack     at ChildProcess.emit (events.js:191:7)
14 verbose stack     at maybeClose (internal/child_process.js:877:16)
14 verbose stack     at Process.ChildProcess._handle.onexit (internal/child_process.js:226:5)
15 verbose pkgid dva-boot-admin@1.0.0
16 verbose cwd D:\work\github\dva-boot-admin\build
17 error Windows_NT 10.0.16299
18 error argv "F:\\Program Files\\nodejs\\node.exe" "F:\\Program Files\\nodejs\\node_modules\\npm\\bin\\npm-cli.js" "run" "gh-pages"
19 error node v6.9.4
20 error npm  v3.10.10
21 error code ELIFECYCLE
22 error dva-boot-admin@1.0.0 gh-pages: `gh-pages -d build`
22 error Exit status 1
23 error Failed at the dva-boot-admin@1.0.0 gh-pages script 'gh-pages -d build'.
23 error Make sure you have the latest version of node.js and npm installed.
23 error If you do, this is most likely a problem with the dva-boot-admin package,
23 error not with npm itself.
23 error Tell the author that this fails on your system:
23 error     gh-pages -d build
23 error You can get information on how to open an issue for this project with:
23 error     npm bugs dva-boot-admin
23 error Or if that isn't available, you can get their info via:
23 error     npm owner ls dva-boot-admin
23 error There is likely additional logging output above.
24 verbose exit [ 1, true ]
